<?xml version="1.0" encoding="UTF-8"?>
<coverage generated="1765206178101" clover="3.2.0">
  <project timestamp="1765206178101" name="All files">
    <metrics statements="76" coveredstatements="52" conditionals="50" coveredconditionals="25" methods="25" coveredmethods="18" elements="151" coveredelements="95" complexity="0" loc="76" ncloc="76" packages="6" files="7" classes="7"/>
    <package name="api">
      <metrics statements="9" coveredstatements="1" conditionals="0" coveredconditionals="0" methods="4" coveredmethods="0"/>
      <file name="authApi.js" path="C:\Dang\Study\Github\software-testing\frontend\my-react-app\src\api\authApi.js">
        <metrics statements="8" coveredstatements="0" conditionals="0" coveredconditionals="0" methods="4" coveredmethods="0"/>
        <line num="5" count="0" type="stmt"/>
        <line num="9" count="0" type="stmt"/>
        <line num="13" count="0" type="stmt"/>
        <line num="14" count="0" type="stmt"/>
        <line num="19" count="0" type="stmt"/>
        <line num="24" count="0" type="stmt"/>
        <line num="27" count="0" type="stmt"/>
        <line num="28" count="0" type="stmt"/>
      </file>
      <file name="axiosClient.js" path="C:\Dang\Study\Github\software-testing\frontend\my-react-app\src\api\axiosClient.js">
        <metrics statements="1" coveredstatements="1" conditionals="0" coveredconditionals="0" methods="0" coveredmethods="0"/>
        <line num="3" count="1" type="stmt"/>
      </file>
    </package>
    <package name="components.Forms">
      <metrics statements="42" coveredstatements="37" conditionals="27" coveredconditionals="14" methods="15" coveredmethods="14"/>
      <file name="Forms.jsx" path="C:\Dang\Study\Github\software-testing\frontend\my-react-app\src\components\Forms\Forms.jsx">
        <metrics statements="42" coveredstatements="37" conditionals="27" coveredconditionals="14" methods="15" coveredmethods="14"/>
        <line num="8" count="23" type="stmt"/>
        <line num="9" count="46" type="stmt"/>
        <line num="12" count="23" type="stmt"/>
        <line num="14" count="23" type="stmt"/>
        <line num="15" count="1" type="cond" truecount="1" falsecount="1"/>
        <line num="16" count="0" type="stmt"/>
        <line num="17" count="0" type="stmt"/>
        <line num="22" count="0" type="stmt"/>
        <line num="26" count="23" type="stmt"/>
        <line num="27" count="4" type="stmt"/>
        <line num="29" count="23" type="stmt"/>
        <line num="30" count="4" type="stmt"/>
        <line num="31" count="4" type="cond" truecount="2" falsecount="2"/>
        <line num="32" count="0" type="cond" truecount="0" falsecount="2"/>
        <line num="34" count="4" type="stmt"/>
        <line num="37" count="23" type="stmt"/>
        <line num="38" count="2" type="stmt"/>
        <line num="39" count="2" type="cond" truecount="2" falsecount="0"/>
        <line num="40" count="2" type="stmt"/>
        <line num="46" count="23" type="stmt"/>
        <line num="47" count="19" type="stmt"/>
        <line num="48" count="19" type="stmt"/>
        <line num="54" count="23" type="stmt"/>
        <line num="55" count="1" type="stmt"/>
        <line num="56" count="1" type="stmt"/>
        <line num="57" count="1" type="stmt"/>
        <line num="58" count="2" type="stmt"/>
        <line num="61" count="2" type="cond" truecount="1" falsecount="1"/>
        <line num="63" count="1" type="stmt"/>
        <line num="64" count="1" type="stmt"/>
        <line num="67" count="23" type="stmt"/>
        <line num="68" count="1" type="stmt"/>
        <line num="69" count="1" type="cond" truecount="1" falsecount="1"/>
        <line num="70" count="1" type="stmt"/>
        <line num="72" count="2" type="stmt"/>
        <line num="74" count="2" type="stmt"/>
        <line num="75" count="2" type="cond" truecount="1" falsecount="1"/>
        <line num="76" count="0" type="stmt"/>
        <line num="79" count="2" type="stmt"/>
        <line num="82" count="1" type="stmt"/>
        <line num="86" count="23" type="stmt"/>
        <line num="101" count="46" type="stmt"/>
      </file>
    </package>
    <package name="components.Inputs">
      <metrics statements="2" coveredstatements="1" conditionals="5" coveredconditionals="3" methods="2" coveredmethods="1"/>
      <file name="Input.jsx" path="C:\Dang\Study\Github\software-testing\frontend\my-react-app\src\components\Inputs\Input.jsx">
        <metrics statements="2" coveredstatements="1" conditionals="5" coveredconditionals="3" methods="2" coveredmethods="1"/>
        <line num="4" count="46" type="stmt"/>
        <line num="18" count="0" type="stmt"/>
      </file>
    </package>
    <package name="models">
      <metrics statements="1" coveredstatements="1" conditionals="0" coveredconditionals="0" methods="0" coveredmethods="0"/>
      <file name="loginFormModel.js" path="C:\Dang\Study\Github\software-testing\frontend\my-react-app\src\models\loginFormModel.js">
        <metrics statements="1" coveredstatements="1" conditionals="0" coveredconditionals="0" methods="0" coveredmethods="0"/>
        <line num="1" count="1" type="stmt"/>
      </file>
    </package>
    <package name="pages.formPages">
      <metrics statements="16" coveredstatements="8" conditionals="6" coveredconditionals="0" methods="3" coveredmethods="2"/>
      <file name="LoginPage.jsx" path="C:\Dang\Study\Github\software-testing\frontend\my-react-app\src\pages\formPages\LoginPage.jsx">
        <metrics statements="16" coveredstatements="8" conditionals="6" coveredconditionals="0" methods="3" coveredmethods="2"/>
        <line num="9" count="2" type="stmt"/>
        <line num="11" count="2" type="stmt"/>
        <line num="13" count="1" type="stmt"/>
        <line num="15" count="1" type="stmt"/>
        <line num="18" count="1" type="stmt"/>
        <line num="20" count="1" type="stmt"/>
        <line num="21" count="1" type="stmt"/>
        <line num="23" count="0" type="cond" truecount="0" falsecount="2"/>
        <line num="24" count="0" type="stmt"/>
        <line num="25" count="0" type="cond" truecount="0" falsecount="2"/>
        <line num="26" count="0" type="stmt"/>
        <line num="27" count="0" type="cond" truecount="0" falsecount="2"/>
        <line num="28" count="0" type="stmt"/>
        <line num="30" count="0" type="stmt"/>
        <line num="35" count="2" type="stmt"/>
        <line num="38" count="0" type="stmt"/>
      </file>
    </package>
    <package name="utils.validations">
      <metrics statements="6" coveredstatements="4" conditionals="12" coveredconditionals="8" methods="1" coveredmethods="1"/>
      <file name="validate.js" path="C:\Dang\Study\Github\software-testing\frontend\my-react-app\src\utils\validations\validate.js">
        <metrics statements="6" coveredstatements="4" conditionals="12" coveredconditionals="8" methods="1" coveredmethods="1"/>
        <line num="3" count="4" type="cond" truecount="4" falsecount="1"/>
        <line num="4" count="0" type="stmt"/>
        <line num="7" count="4" type="cond" truecount="2" falsecount="1"/>
        <line num="9" count="2" type="cond" truecount="1" falsecount="1"/>
        <line num="19" count="2" type="cond" truecount="1" falsecount="1"/>
        <line num="27" count="0" type="stmt"/>
      </file>
    </package>
  </project>
</coverage>
