<?xml version="1.0" encoding="UTF-8"?>
<coverage generated="1764478991274" clover="3.2.0">
  <project timestamp="1764478991274" name="All files">
    <metrics statements="52" coveredstatements="46" conditionals="44" coveredconditionals="30" methods="18" coveredmethods="16" elements="114" coveredelements="92" complexity="0" loc="52" ncloc="52" packages="4" files="5" classes="5"/>
    <package name="components.Forms">
      <metrics statements="42" coveredstatements="38" conditionals="27" coveredconditionals="19" methods="15" coveredmethods="13"/>
      <file name="Forms.jsx" path="D:\clone\software-testing\frontend\my-react-app\src\components\Forms\Forms.jsx">
        <metrics statements="42" coveredstatements="38" conditionals="27" coveredconditionals="19" methods="15" coveredmethods="13"/>
        <line num="8" count="20" type="stmt"/>
        <line num="9" count="100" type="stmt"/>
        <line num="12" count="20" type="stmt"/>
        <line num="14" count="20" type="stmt"/>
        <line num="15" count="6" type="cond" truecount="2" falsecount="0"/>
        <line num="16" count="1" type="stmt"/>
        <line num="17" count="5" type="stmt"/>
        <line num="22" count="1" type="stmt"/>
        <line num="26" count="20" type="stmt"/>
        <line num="27" count="15" type="stmt"/>
        <line num="29" count="20" type="stmt"/>
        <line num="30" count="10" type="stmt"/>
        <line num="31" count="10" type="cond" truecount="2" falsecount="2"/>
        <line num="32" count="0" type="cond" truecount="0" falsecount="2"/>
        <line num="34" count="10" type="stmt"/>
        <line num="37" count="20" type="stmt"/>
        <line num="38" count="0" type="stmt"/>
        <line num="39" count="0" type="cond" truecount="0" falsecount="2"/>
        <line num="40" count="0" type="stmt"/>
        <line num="46" count="20" type="stmt"/>
        <line num="47" count="10" type="stmt"/>
        <line num="48" count="10" type="stmt"/>
        <line num="54" count="20" type="stmt"/>
        <line num="55" count="3" type="stmt"/>
        <line num="56" count="3" type="stmt"/>
        <line num="57" count="3" type="stmt"/>
        <line num="58" count="15" type="stmt"/>
        <line num="61" count="15" type="cond" truecount="2" falsecount="0"/>
        <line num="63" count="3" type="stmt"/>
        <line num="64" count="3" type="stmt"/>
        <line num="67" count="20" type="stmt"/>
        <line num="68" count="3" type="stmt"/>
        <line num="69" count="3" type="cond" truecount="2" falsecount="0"/>
        <line num="70" count="2" type="stmt"/>
        <line num="72" count="10" type="stmt"/>
        <line num="74" count="10" type="stmt"/>
        <line num="75" count="10" type="cond" truecount="2" falsecount="0"/>
        <line num="76" count="4" type="stmt"/>
        <line num="79" count="10" type="stmt"/>
        <line num="82" count="2" type="stmt"/>
        <line num="86" count="20" type="stmt"/>
        <line num="101" count="100" type="stmt"/>
      </file>
    </package>
    <package name="components.Inputs">
      <metrics statements="2" coveredstatements="2" conditionals="5" coveredconditionals="5" methods="2" coveredmethods="2"/>
      <file name="Input.jsx" path="D:\clone\software-testing\frontend\my-react-app\src\components\Inputs\Input.jsx">
        <metrics statements="2" coveredstatements="2" conditionals="5" coveredconditionals="5" methods="2" coveredmethods="2"/>
        <line num="4" count="100" type="stmt"/>
        <line num="18" count="80" type="stmt"/>
      </file>
    </package>
    <package name="models">
      <metrics statements="2" coveredstatements="2" conditionals="0" coveredconditionals="0" methods="0" coveredmethods="0"/>
      <file name="addProductFormModel.js" path="D:\clone\software-testing\frontend\my-react-app\src\models\addProductFormModel.js">
        <metrics statements="1" coveredstatements="1" conditionals="0" coveredconditionals="0" methods="0" coveredmethods="0"/>
        <line num="1" count="1" type="stmt"/>
      </file>
      <file name="updateProductFormModel.js" path="D:\clone\software-testing\frontend\my-react-app\src\models\updateProductFormModel.js">
        <metrics statements="1" coveredstatements="1" conditionals="0" coveredconditionals="0" methods="0" coveredmethods="0"/>
        <line num="1" count="1" type="stmt"/>
      </file>
    </package>
    <package name="utils.validations">
      <metrics statements="6" coveredstatements="4" conditionals="12" coveredconditionals="6" methods="1" coveredmethods="1"/>
      <file name="validate.js" path="D:\clone\software-testing\frontend\my-react-app\src\utils\validations\validate.js">
        <metrics statements="6" coveredstatements="4" conditionals="12" coveredconditionals="6" methods="1" coveredmethods="1"/>
        <line num="3" count="15" type="cond" truecount="5" falsecount="0"/>
        <line num="4" count="5" type="stmt"/>
        <line num="7" count="10" type="cond" truecount="1" falsecount="2"/>
        <line num="9" count="0" type="cond" truecount="0" falsecount="2"/>
        <line num="19" count="0" type="cond" truecount="0" falsecount="2"/>
        <line num="27" count="10" type="stmt"/>
      </file>
    </package>
  </project>
</coverage>
