{"C:\\Dang\\Study\\Github\\software-testing\\frontend\\my-react-app\\src\\api\\authApi.js": {"path":"C:\\Dang\\Study\\Github\\software-testing\\frontend\\my-react-app\\src\\api\\authApi.js","statementMap":{"0":{"start":{"line":5,"column":16},"end":{"line":8,"column":6}},"1":{"start":{"line":9,"column":4},"end":{"line":9,"column":20}},"2":{"start":{"line":13,"column":16},"end":{"line":13,"column":54}},"3":{"start":{"line":14,"column":4},"end":{"line":14,"column":20}},"4":{"start":{"line":19,"column":16},"end":{"line":23,"column":6}},"5":{"start":{"line":24,"column":4},"end":{"line":24,"column":20}},"6":{"start":{"line":27,"column":16},"end":{"line":27,"column":54}},"7":{"start":{"line":28,"column":4},"end":{"line":28,"column":19}}},"fnMap":{"0":{"name":"login","decl":{"start":{"line":4,"column":22},"end":{"line":4,"column":27}},"loc":{"start":{"line":4,"column":48},"end":{"line":10,"column":1}},"line":4},"1":{"name":"getCurrentUser","decl":{"start":{"line":12,"column":22},"end":{"line":12,"column":36}},"loc":{"start":{"line":12,"column":39},"end":{"line":15,"column":1}},"line":12},"2":{"name":"register","decl":{"start":{"line":17,"column":22},"end":{"line":17,"column":30}},"loc":{"start":{"line":18,"column":0},"end":{"line":25,"column":1}},"line":18},"3":{"name":"logout","decl":{"start":{"line":26,"column":22},"end":{"line":26,"column":28}},"loc":{"start":{"line":26,"column":30},"end":{"line":29,"column":1}},"line":26}},"branchMap":{},"s":{"0":0,"1":0,"2":0,"3":0,"4":0,"5":0,"6":0,"7":0},"f":{"0":0,"1":0,"2":0,"3":0},"b":{},"_coverageSchema":"1a1c01bbd47fc00a2c39e90264f33305004495a9","hash":"6301528567a95eb04cfe16918772d26dbba7c752"}
,"C:\\Dang\\Study\\Github\\software-testing\\frontend\\my-react-app\\src\\api\\axiosClient.js": {"path":"C:\\Dang\\Study\\Github\\software-testing\\frontend\\my-react-app\\src\\api\\axiosClient.js","statementMap":{"0":{"start":{"line":3,"column":20},"end":{"line":6,"column":2}}},"fnMap":{},"branchMap":{},"s":{"0":1},"f":{},"b":{},"_coverageSchema":"1a1c01bbd47fc00a2c39e90264f33305004495a9","hash":"7414ca4a43742ea70ca4739c8254e5e20c70d8c6"}
,"C:\\Dang\\Study\\Github\\software-testing\\frontend\\my-react-app\\src\\components\\Forms\\Forms.jsx": {"path":"C:\\Dang\\Study\\Github\\software-testing\\frontend\\my-react-app\\src\\components\\Forms\\Forms.jsx","statementMap":{"0":{"start":{"line":8,"column":32},"end":{"line":10,"column":5}},"1":{"start":{"line":9,"column":55},"end":{"line":9,"column":86}},"2":{"start":{"line":12,"column":44},"end":{"line":12,"column":73}},"3":{"start":{"line":14,"column":4},"end":{"line":24,"column":17}},"4":{"start":{"line":15,"column":8},"end":{"line":23,"column":9}},"5":{"start":{"line":16,"column":33},"end":{"line":21,"column":13}},"6":{"start":{"line":17,"column":70},"end":{"line":20,"column":17}},"7":{"start":{"line":22,"column":12},"end":{"line":22,"column":42}},"8":{"start":{"line":26,"column":32},"end":{"line":27,"column":65}},"9":{"start":{"line":27,"column":8},"end":{"line":27,"column":65}},"10":{"start":{"line":29,"column":34},"end":{"line":35,"column":5}},"11":{"start":{"line":30,"column":27},"end":{"line":30,"column":58}},"12":{"start":{"line":31,"column":8},"end":{"line":33,"column":9}},"13":{"start":{"line":32,"column":12},"end":{"line":32,"column":74}},"14":{"start":{"line":34,"column":8},"end":{"line":34,"column":18}},"15":{"start":{"line":37,"column":28},"end":{"line":44,"column":5}},"16":{"start":{"line":38,"column":32},"end":{"line":38,"column":40}},"17":{"start":{"line":39,"column":22},"end":{"line":39,"column":92}},"18":{"start":{"line":40,"column":8},"end":{"line":43,"column":12}},"19":{"start":{"line":40,"column":35},"end":{"line":43,"column":9}},"20":{"start":{"line":46,"column":30},"end":{"line":52,"column":5}},"21":{"start":{"line":47,"column":32},"end":{"line":47,"column":40}},"22":{"start":{"line":48,"column":8},"end":{"line":51,"column":12}},"23":{"start":{"line":48,"column":35},"end":{"line":51,"column":9}},"24":{"start":{"line":54,"column":26},"end":{"line":65,"column":5}},"25":{"start":{"line":55,"column":27},"end":{"line":55,"column":31}},"26":{"start":{"line":56,"column":25},"end":{"line":56,"column":44}},"27":{"start":{"line":57,"column":8},"end":{"line":62,"column":11}},"28":{"start":{"line":58,"column":12},"end":{"line":60,"column":64}},"29":{"start":{"line":61,"column":12},"end":{"line":61,"column":50}},"30":{"start":{"line":61,"column":29},"end":{"line":61,"column":50}},"31":{"start":{"line":63,"column":8},"end":{"line":63,"column":34}},"32":{"start":{"line":64,"column":8},"end":{"line":64,"column":28}},"33":{"start":{"line":67,"column":25},"end":{"line":84,"column":5}},"34":{"start":{"line":68,"column":8},"end":{"line":68,"column":27}},"35":{"start":{"line":69,"column":8},"end":{"line":83,"column":9}},"36":{"start":{"line":70,"column":28},"end":{"line":81,"column":13}},"37":{"start":{"line":72,"column":32},"end":{"line":72,"column":41}},"38":{"start":{"line":74,"column":33},"end":{"line":74,"column":58}},"39":{"start":{"line":75,"column":20},"end":{"line":77,"column":21}},"40":{"start":{"line":76,"column":24},"end":{"line":76,"column":46}},"41":{"start":{"line":79,"column":20},"end":{"line":79,"column":40}},"42":{"start":{"line":82,"column":12},"end":{"line":82,"column":30}},"43":{"start":{"line":86,"column":4},"end":{"line":127,"column":6}},"44":{"start":{"line":101,"column":20},"end":{"line":119,"column":26}}},"fnMap":{"0":{"name":"Form","decl":{"start":{"line":7,"column":24},"end":{"line":7,"column":28}},"loc":{"start":{"line":7,"column":108},"end":{"line":128,"column":1}},"line":7},"1":{"name":"(anonymous_1)","decl":{"start":{"line":9,"column":44},"end":{"line":9,"column":45}},"loc":{"start":{"line":9,"column":55},"end":{"line":9,"column":86}},"line":9},"2":{"name":"(anonymous_2)","decl":{"start":{"line":14,"column":14},"end":{"line":14,"column":15}},"loc":{"start":{"line":14,"column":20},"end":{"line":24,"column":5}},"line":14},"3":{"name":"(anonymous_3)","decl":{"start":{"line":17,"column":52},"end":{"line":17,"column":53}},"loc":{"start":{"line":17,"column":70},"end":{"line":20,"column":17}},"line":17},"4":{"name":"(anonymous_4)","decl":{"start":{"line":26,"column":32},"end":{"line":26,"column":33}},"loc":{"start":{"line":27,"column":8},"end":{"line":27,"column":65}},"line":27},"5":{"name":"(anonymous_5)","decl":{"start":{"line":29,"column":34},"end":{"line":29,"column":35}},"loc":{"start":{"line":29,"column":50},"end":{"line":35,"column":5}},"line":29},"6":{"name":"(anonymous_6)","decl":{"start":{"line":37,"column":28},"end":{"line":37,"column":29}},"loc":{"start":{"line":37,"column":35},"end":{"line":44,"column":5}},"line":37},"7":{"name":"(anonymous_7)","decl":{"start":{"line":40,"column":24},"end":{"line":40,"column":25}},"loc":{"start":{"line":40,"column":35},"end":{"line":43,"column":9}},"line":40},"8":{"name":"(anonymous_8)","decl":{"start":{"line":46,"column":30},"end":{"line":46,"column":31}},"loc":{"start":{"line":46,"column":37},"end":{"line":52,"column":5}},"line":46},"9":{"name":"(anonymous_9)","decl":{"start":{"line":48,"column":24},"end":{"line":48,"column":25}},"loc":{"start":{"line":48,"column":35},"end":{"line":51,"column":9}},"line":48},"10":{"name":"(anonymous_10)","decl":{"start":{"line":54,"column":26},"end":{"line":54,"column":27}},"loc":{"start":{"line":54,"column":32},"end":{"line":65,"column":5}},"line":54},"11":{"name":"(anonymous_11)","decl":{"start":{"line":57,"column":41},"end":{"line":57,"column":42}},"loc":{"start":{"line":57,"column":59},"end":{"line":62,"column":9}},"line":57},"12":{"name":"(anonymous_12)","decl":{"start":{"line":67,"column":25},"end":{"line":67,"column":26}},"loc":{"start":{"line":67,"column":32},"end":{"line":84,"column":5}},"line":67},"13":{"name":"(anonymous_13)","decl":{"start":{"line":71,"column":49},"end":{"line":71,"column":50}},"loc":{"start":{"line":71,"column":65},"end":{"line":80,"column":17}},"line":71},"14":{"name":"(anonymous_14)","decl":{"start":{"line":100,"column":53},"end":{"line":100,"column":54}},"loc":{"start":{"line":101,"column":20},"end":{"line":119,"column":26}},"line":101}},"branchMap":{"0":{"loc":{"start":{"line":7,"column":52},"end":{"line":7,"column":76}},"type":"default-arg","locations":[{"start":{"line":7,"column":71},"end":{"line":7,"column":76}}],"line":7},"1":{"loc":{"start":{"line":7,"column":91},"end":{"line":7,"column":104}},"type":"default-arg","locations":[{"start":{"line":7,"column":100},"end":{"line":7,"column":104}}],"line":7},"2":{"loc":{"start":{"line":15,"column":8},"end":{"line":23,"column":9}},"type":"if","locations":[{"start":{"line":15,"column":8},"end":{"line":23,"column":9}},{"start":{},"end":{}}],"line":15},"3":{"loc":{"start":{"line":19,"column":29},"end":{"line":19,"column":74}},"type":"binary-expr","locations":[{"start":{"line":19,"column":29},"end":{"line":19,"column":40}},{"start":{"line":19,"column":44},"end":{"line":19,"column":68}},{"start":{"line":19,"column":72},"end":{"line":19,"column":74}}],"line":19},"4":{"loc":{"start":{"line":31,"column":8},"end":{"line":33,"column":9}},"type":"if","locations":[{"start":{"line":31,"column":8},"end":{"line":33,"column":9}},{"start":{},"end":{}}],"line":31},"5":{"loc":{"start":{"line":31,"column":12},"end":{"line":31,"column":66}},"type":"binary-expr","locations":[{"start":{"line":31,"column":12},"end":{"line":31,"column":22}},{"start":{"line":31,"column":26},"end":{"line":31,"column":66}}],"line":31},"6":{"loc":{"start":{"line":32,"column":19},"end":{"line":32,"column":73}},"type":"binary-expr","locations":[{"start":{"line":32,"column":19},"end":{"line":32,"column":48}},{"start":{"line":32,"column":52},"end":{"line":32,"column":73}}],"line":32},"7":{"loc":{"start":{"line":39,"column":22},"end":{"line":39,"column":92}},"type":"binary-expr","locations":[{"start":{"line":39,"column":22},"end":{"line":39,"column":54}},{"start":{"line":39,"column":58},"end":{"line":39,"column":92}}],"line":39},"8":{"loc":{"start":{"line":59,"column":16},"end":{"line":60,"column":63}},"type":"binary-expr","locations":[{"start":{"line":59,"column":16},"end":{"line":59,"column":61}},{"start":{"line":60,"column":16},"end":{"line":60,"column":63}}],"line":59},"9":{"loc":{"start":{"line":61,"column":12},"end":{"line":61,"column":50}},"type":"if","locations":[{"start":{"line":61,"column":12},"end":{"line":61,"column":50}},{"start":{},"end":{}}],"line":61},"10":{"loc":{"start":{"line":69,"column":8},"end":{"line":83,"column":9}},"type":"if","locations":[{"start":{"line":69,"column":8},"end":{"line":83,"column":9}},{"start":{},"end":{}}],"line":69},"11":{"loc":{"start":{"line":75,"column":20},"end":{"line":77,"column":21}},"type":"if","locations":[{"start":{"line":75,"column":20},"end":{"line":77,"column":21}},{"start":{},"end":{}}],"line":75},"12":{"loc":{"start":{"line":90,"column":27},"end":{"line":90,"column":83}},"type":"cond-expr","locations":[{"start":{"line":90,"column":46},"end":{"line":90,"column":69}},{"start":{"line":90,"column":72},"end":{"line":90,"column":83}}],"line":90},"13":{"loc":{"start":{"line":98,"column":17},"end":{"line":98,"column":84}},"type":"binary-expr","locations":[{"start":{"line":98,"column":17},"end":{"line":98,"column":27}},{"start":{"line":98,"column":31},"end":{"line":98,"column":84}}],"line":98}},"s":{"0":147,"1":294,"2":147,"3":147,"4":7,"5":0,"6":0,"7":0,"8":147,"9":28,"10":147,"11":28,"12":28,"13":0,"14":28,"15":147,"16":14,"17":14,"18":14,"19":14,"20":147,"21":119,"22":119,"23":119,"24":147,"25":7,"26":7,"27":7,"28":14,"29":14,"30":0,"31":7,"32":7,"33":147,"34":7,"35":7,"36":7,"37":14,"38":14,"39":14,"40":0,"41":14,"42":7,"43":147,"44":294},"f":{"0":147,"1":294,"2":7,"3":0,"4":28,"5":28,"6":14,"7":14,"8":119,"9":119,"10":7,"11":14,"12":7,"13":14,"14":294},"b":{"0":[147],"1":[147],"2":[0,7],"3":[0,0,0],"4":[0,28],"5":[28,0],"6":[0,0],"7":[14,14],"8":[14,14],"9":[0,14],"10":[7,0],"11":[0,14],"12":[0,147],"13":[147,0]},"_coverageSchema":"1a1c01bbd47fc00a2c39e90264f33305004495a9","hash":"9e0787e1d06f6f126f1a2b7086dd76ca7cf64bf7"}
,"C:\\Dang\\Study\\Github\\software-testing\\frontend\\my-react-app\\src\\components\\Inputs\\Input.jsx": {"path":"C:\\Dang\\Study\\Github\\software-testing\\frontend\\my-react-app\\src\\components\\Inputs\\Input.jsx","statementMap":{"0":{"start":{"line":4,"column":4},"end":{"line":37,"column":6}},"1":{"start":{"line":18,"column":24},"end":{"line":20,"column":33}}},"fnMap":{"0":{"name":"Input","decl":{"start":{"line":3,"column":24},"end":{"line":3,"column":29}},"loc":{"start":{"line":3,"column":119},"end":{"line":38,"column":1}},"line":3},"1":{"name":"(anonymous_1)","decl":{"start":{"line":17,"column":33},"end":{"line":17,"column":34}},"loc":{"start":{"line":18,"column":24},"end":{"line":20,"column":33}},"line":18}},"branchMap":{"0":{"loc":{"start":{"line":3,"column":94},"end":{"line":3,"column":106}},"type":"default-arg","locations":[{"start":{"line":3,"column":104},"end":{"line":3,"column":106}}],"line":3},"1":{"loc":{"start":{"line":8,"column":13},"end":{"line":33,"column":13}},"type":"cond-expr","locations":[{"start":{"line":9,"column":16},"end":{"line":22,"column":25}},{"start":{"line":24,"column":16},"end":{"line":32,"column":18}}],"line":8},"2":{"loc":{"start":{"line":35,"column":43},"end":{"line":35,"column":61}},"type":"cond-expr","locations":[{"start":{"line":35,"column":51},"end":{"line":35,"column":56}},{"start":{"line":35,"column":59},"end":{"line":35,"column":61}}],"line":35}},"s":{"0":294,"1":0},"f":{"0":294,"1":0},"b":{"0":[294],"1":[0,294],"2":[0,294]},"_coverageSchema":"1a1c01bbd47fc00a2c39e90264f33305004495a9","hash":"c504fc1279cfe32d13f56e29624eab85d8a4ebc0"}
,"C:\\Dang\\Study\\Github\\software-testing\\frontend\\my-react-app\\src\\models\\loginFormModel.js": {"path":"C:\\Dang\\Study\\Github\\software-testing\\frontend\\my-react-app\\src\\models\\loginFormModel.js","statementMap":{"0":{"start":{"line":1,"column":30},"end":{"line":21,"column":1}}},"fnMap":{},"branchMap":{},"s":{"0":1},"f":{},"b":{},"_coverageSchema":"1a1c01bbd47fc00a2c39e90264f33305004495a9","hash":"65ea8b678814efec3bbf78f0a52c06756ce73828"}
,"C:\\Dang\\Study\\Github\\software-testing\\frontend\\my-react-app\\src\\pages\\formPages\\LoginPage.jsx": {"path":"C:\\Dang\\Study\\Github\\software-testing\\frontend\\my-react-app\\src\\pages\\formPages\\LoginPage.jsx","statementMap":{"0":{"start":{"line":9,"column":21},"end":{"line":9,"column":34}},"1":{"start":{"line":11,"column":21},"end":{"line":33,"column":5}},"2":{"start":{"line":13,"column":8},"end":{"line":32,"column":9}},"3":{"start":{"line":15,"column":12},"end":{"line":15,"column":66}},"4":{"start":{"line":18,"column":25},"end":{"line":18,"column":47}},"5":{"start":{"line":20,"column":12},"end":{"line":20,"column":43}},"6":{"start":{"line":21,"column":12},"end":{"line":21,"column":31}},"7":{"start":{"line":23,"column":12},"end":{"line":31,"column":13}},"8":{"start":{"line":24,"column":16},"end":{"line":24,"column":64}},"9":{"start":{"line":25,"column":19},"end":{"line":31,"column":13}},"10":{"start":{"line":26,"column":16},"end":{"line":26,"column":39}},"11":{"start":{"line":27,"column":19},"end":{"line":31,"column":13}},"12":{"start":{"line":28,"column":16},"end":{"line":28,"column":51}},"13":{"start":{"line":30,"column":16},"end":{"line":30,"column":62}},"14":{"start":{"line":35,"column":4},"end":{"line":47,"column":6}},"15":{"start":{"line":38,"column":31},"end":{"line":38,"column":44}}},"fnMap":{"0":{"name":"LoginPage","decl":{"start":{"line":8,"column":24},"end":{"line":8,"column":33}},"loc":{"start":{"line":8,"column":36},"end":{"line":48,"column":1}},"line":8},"1":{"name":"(anonymous_1)","decl":{"start":{"line":11,"column":21},"end":{"line":11,"column":22}},"loc":{"start":{"line":11,"column":45},"end":{"line":33,"column":5}},"line":11},"2":{"name":"(anonymous_2)","decl":{"start":{"line":38,"column":25},"end":{"line":38,"column":26}},"loc":{"start":{"line":38,"column":31},"end":{"line":38,"column":44}},"line":38}},"branchMap":{"0":{"loc":{"start":{"line":23,"column":12},"end":{"line":31,"column":13}},"type":"if","locations":[{"start":{"line":23,"column":12},"end":{"line":31,"column":13}},{"start":{"line":25,"column":19},"end":{"line":31,"column":13}}],"line":23},"1":{"loc":{"start":{"line":25,"column":19},"end":{"line":31,"column":13}},"type":"if","locations":[{"start":{"line":25,"column":19},"end":{"line":31,"column":13}},{"start":{"line":27,"column":19},"end":{"line":31,"column":13}}],"line":25},"2":{"loc":{"start":{"line":27,"column":19},"end":{"line":31,"column":13}},"type":"if","locations":[{"start":{"line":27,"column":19},"end":{"line":31,"column":13}},{"start":{"line":29,"column":19},"end":{"line":31,"column":13}}],"line":27}},"s":{"0":8,"1":8,"2":7,"3":7,"4":3,"5":3,"6":3,"7":4,"8":2,"9":2,"10":0,"11":2,"12":1,"13":1,"14":8,"15":0},"f":{"0":8,"1":7,"2":0},"b":{"0":[2,2],"1":[0,2],"2":[1,1]},"_coverageSchema":"1a1c01bbd47fc00a2c39e90264f33305004495a9","hash":"0027cf3340bfc4bac87d9b0bcae050acf757f60e"}
,"C:\\Dang\\Study\\Github\\software-testing\\frontend\\my-react-app\\src\\utils\\validations\\validate.js": {"path":"C:\\Dang\\Study\\Github\\software-testing\\frontend\\my-react-app\\src\\utils\\validations\\validate.js","statementMap":{"0":{"start":{"line":3,"column":4},"end":{"line":5,"column":5}},"1":{"start":{"line":4,"column":8},"end":{"line":4,"column":40}},"2":{"start":{"line":7,"column":4},"end":{"line":28,"column":5}},"3":{"start":{"line":9,"column":12},"end":{"line":11,"column":110}},"4":{"start":{"line":19,"column":12},"end":{"line":21,"column":106}},"5":{"start":{"line":27,"column":12},"end":{"line":27,"column":22}}},"fnMap":{"0":{"name":"validateFields","decl":{"start":{"line":1,"column":16},"end":{"line":1,"column":30}},"loc":{"start":{"line":1,"column":61},"end":{"line":29,"column":1}},"line":1}},"branchMap":{"0":{"loc":{"start":{"line":3,"column":4},"end":{"line":5,"column":5}},"type":"if","locations":[{"start":{"line":3,"column":4},"end":{"line":5,"column":5}},{"start":{},"end":{}}],"line":3},"1":{"loc":{"start":{"line":3,"column":8},"end":{"line":3,"column":51}},"type":"binary-expr","locations":[{"start":{"line":3,"column":8},"end":{"line":3,"column":18}},{"start":{"line":3,"column":22},"end":{"line":3,"column":28}},{"start":{"line":3,"column":32},"end":{"line":3,"column":51}}],"line":3},"2":{"loc":{"start":{"line":7,"column":4},"end":{"line":28,"column":5}},"type":"switch","locations":[{"start":{"line":8,"column":8},"end":{"line":11,"column":110}},{"start":{"line":18,"column":8},"end":{"line":21,"column":106}},{"start":{"line":26,"column":8},"end":{"line":27,"column":22}}],"line":7},"3":{"loc":{"start":{"line":9,"column":19},"end":{"line":11,"column":109}},"type":"cond-expr","locations":[{"start":{"line":10,"column":18},"end":{"line":10,"column":20}},{"start":{"line":11,"column":18},"end":{"line":11,"column":109}}],"line":9},"4":{"loc":{"start":{"line":19,"column":19},"end":{"line":21,"column":105}},"type":"cond-expr","locations":[{"start":{"line":20,"column":18},"end":{"line":20,"column":20}},{"start":{"line":21,"column":18},"end":{"line":21,"column":105}}],"line":19}},"s":{"0":28,"1":0,"2":28,"3":14,"4":14,"5":0},"f":{"0":28},"b":{"0":[0,28],"1":[28,28,28],"2":[14,14,0],"3":[14,0],"4":[14,0]},"_coverageSchema":"1a1c01bbd47fc00a2c39e90264f33305004495a9","hash":"8403102a3331dc3af9a997af0cb409515c286164"}
}
