{"C:\\Dang\\Study\\Github\\software-testing\\frontend\\my-react-app\\src\\utils\\validations\\validate.js": {"path":"C:\\Dang\\Study\\Github\\software-testing\\frontend\\my-react-app\\src\\utils\\validations\\validate.js","statementMap":{"0":{"start":{"line":3,"column":4},"end":{"line":5,"column":5}},"1":{"start":{"line":4,"column":8},"end":{"line":4,"column":40}},"2":{"start":{"line":7,"column":4},"end":{"line":28,"column":5}},"3":{"start":{"line":9,"column":12},"end":{"line":11,"column":110}},"4":{"start":{"line":19,"column":12},"end":{"line":21,"column":106}},"5":{"start":{"line":27,"column":12},"end":{"line":27,"column":22}}},"fnMap":{"0":{"name":"validateFields","decl":{"start":{"line":1,"column":16},"end":{"line":1,"column":30}},"loc":{"start":{"line":1,"column":61},"end":{"line":29,"column":1}},"line":1}},"branchMap":{"0":{"loc":{"start":{"line":3,"column":4},"end":{"line":5,"column":5}},"type":"if","locations":[{"start":{"line":3,"column":4},"end":{"line":5,"column":5}},{"start":{},"end":{}}],"line":3},"1":{"loc":{"start":{"line":3,"column":8},"end":{"line":3,"column":51}},"type":"binary-expr","locations":[{"start":{"line":3,"column":8},"end":{"line":3,"column":18}},{"start":{"line":3,"column":22},"end":{"line":3,"column":28}},{"start":{"line":3,"column":32},"end":{"line":3,"column":51}}],"line":3},"2":{"loc":{"start":{"line":7,"column":4},"end":{"line":28,"column":5}},"type":"switch","locations":[{"start":{"line":8,"column":8},"end":{"line":11,"column":110}},{"start":{"line":18,"column":8},"end":{"line":21,"column":106}},{"start":{"line":26,"column":8},"end":{"line":27,"column":22}}],"line":7},"3":{"loc":{"start":{"line":9,"column":19},"end":{"line":11,"column":109}},"type":"cond-expr","locations":[{"start":{"line":10,"column":18},"end":{"line":10,"column":20}},{"start":{"line":11,"column":18},"end":{"line":11,"column":109}}],"line":9},"4":{"loc":{"start":{"line":19,"column":19},"end":{"line":21,"column":105}},"type":"cond-expr","locations":[{"start":{"line":20,"column":18},"end":{"line":20,"column":20}},{"start":{"line":21,"column":18},"end":{"line":21,"column":105}}],"line":19}},"s":{"0":31,"1":6,"2":25,"3":11,"4":13,"5":1},"f":{"0":31},"b":{"0":[6,25],"1":[31,30,27],"2":[11,13,1],"3":[7,4],"4":[5,8]},"_coverageSchema":"1a1c01bbd47fc00a2c39e90264f33305004495a9","hash":"8403102a3331dc3af9a997af0cb409515c286164"}
}
