TN:
SF:src\components\Forms\Forms.jsx
FN:7,Form
FN:9,(anonymous_1)
FN:14,(anonymous_2)
FN:17,(anonymous_3)
FN:26,(anonymous_4)
FN:29,(anonymous_5)
FN:37,(anonymous_6)
FN:40,(anonymous_7)
FN:46,(anonymous_8)
FN:48,(anonymous_9)
FN:54,(anonymous_10)
FN:57,(anonymous_11)
FN:67,(anonymous_12)
FN:71,(anonymous_13)
FN:100,(anonymous_14)
FNF:15
FNH:13
FNDA:20,Form
FNDA:100,(anonymous_1)
FNDA:6,(anonymous_2)
FNDA:5,(anonymous_3)
FNDA:15,(anonymous_4)
FNDA:10,(anonymous_5)
FNDA:0,(anonymous_6)
FNDA:0,(anonymous_7)
FNDA:10,(anonymous_8)
FNDA:10,(anonymous_9)
FNDA:3,(anonymous_10)
FNDA:15,(anonymous_11)
FNDA:3,(anonymous_12)
FNDA:10,(anonymous_13)
FNDA:100,(anonymous_14)
DA:8,20
DA:9,100
DA:12,20
DA:14,20
DA:15,6
DA:16,1
DA:17,5
DA:22,1
DA:26,20
DA:27,15
DA:29,20
DA:30,10
DA:31,10
DA:32,0
DA:34,10
DA:37,20
DA:38,0
DA:39,0
DA:40,0
DA:46,20
DA:47,10
DA:48,10
DA:54,20
DA:55,3
DA:56,3
DA:57,3
DA:58,15
DA:61,15
DA:63,3
DA:64,3
DA:67,20
DA:68,3
DA:69,3
DA:70,2
DA:72,10
DA:74,10
DA:75,10
DA:76,4
DA:79,10
DA:82,2
DA:86,20
DA:101,100
LF:42
LH:38
BRDA:7,0,0,19
BRDA:7,1,0,18
BRDA:15,2,0,1
BRDA:15,2,1,5
BRDA:19,3,0,5
BRDA:19,3,1,0
BRDA:19,3,2,0
BRDA:31,4,0,0
BRDA:31,4,1,10
BRDA:31,5,0,10
BRDA:31,5,1,0
BRDA:32,6,0,0
BRDA:32,6,1,0
BRDA:39,7,0,0
BRDA:39,7,1,0
BRDA:59,8,0,15
BRDA:59,8,1,10
BRDA:61,9,0,5
BRDA:61,9,1,10
BRDA:69,10,0,2
BRDA:69,10,1,1
BRDA:75,11,0,4
BRDA:75,11,1,6
BRDA:90,12,0,1
BRDA:90,12,1,19
BRDA:98,13,0,20
BRDA:98,13,1,2
BRF:27
BRH:19
end_of_record
TN:
SF:src\components\Inputs\Input.jsx
FN:3,Input
FN:17,(anonymous_1)
FNF:2
FNH:2
FNDA:100,Input
FNDA:80,(anonymous_1)
DA:4,100
DA:18,80
LF:2
LH:2
BRDA:3,0,0,80
BRDA:8,1,0,20
BRDA:8,1,1,80
BRDA:35,2,0,5
BRDA:35,2,1,95
BRF:5
BRH:5
end_of_record
TN:
SF:src\models\addProductFormModel.js
FNF:0
FNH:0
DA:1,1
LF:1
LH:1
BRF:0
BRH:0
end_of_record
TN:
SF:src\models\updateProductFormModel.js
FNF:0
FNH:0
DA:1,1
LF:1
LH:1
BRF:0
BRH:0
end_of_record
TN:
SF:src\utils\validations\validate.js
FN:1,validateFields
FNF:1
FNH:1
FNDA:15,validateFields
DA:3,15
DA:4,5
DA:7,10
DA:9,0
DA:19,0
DA:27,10
LF:6
LH:4
BRDA:3,0,0,5
BRDA:3,0,1,10
BRDA:3,1,0,15
BRDA:3,1,1,12
BRDA:3,1,2,11
BRDA:7,2,0,0
BRDA:7,2,1,0
BRDA:7,2,2,10
BRDA:9,3,0,0
BRDA:9,3,1,0
BRDA:19,4,0,0
BRDA:19,4,1,0
BRF:12
BRH:6
end_of_record
