TN:
SF:src\api\authApi.js
FN:4,login
FN:12,getCurrentUser
FN:17,register
FN:26,logout
FNF:4
FNH:0
FNDA:0,login
FNDA:0,getCurrentUser
FNDA:0,register
FNDA:0,logout
DA:5,0
DA:9,0
DA:13,0
DA:14,0
DA:19,0
DA:24,0
DA:27,0
DA:28,0
LF:8
LH:0
BRF:0
BRH:0
end_of_record
TN:
SF:src\api\axiosClient.js
FNF:0
FNH:0
DA:3,1
LF:1
LH:1
BRF:0
BRH:0
end_of_record
TN:
SF:src\components\Forms\Forms.jsx
FN:7,Form
FN:9,(anonymous_1)
FN:14,(anonymous_2)
FN:17,(anonymous_3)
FN:26,(anonymous_4)
FN:28,(anonymous_5)
FN:36,(anonymous_6)
FN:39,(anonymous_7)
FN:45,(anonymous_8)
FN:47,(anonymous_9)
FN:53,(anonymous_10)
FN:56,(anonymous_11)
FN:64,(anonymous_12)
FN:69,(anonymous_13)
FN:96,(anonymous_14)
FNF:15
FNH:14
FNDA:147,Form
FNDA:294,(anonymous_1)
FNDA:7,(anonymous_2)
FNDA:0,(anonymous_3)
FNDA:28,(anonymous_4)
FNDA:28,(anonymous_5)
FNDA:14,(anonymous_6)
FNDA:14,(anonymous_7)
FNDA:119,(anonymous_8)
FNDA:119,(anonymous_9)
FNDA:7,(anonymous_10)
FNDA:14,(anonymous_11)
FNDA:7,(anonymous_12)
FNDA:14,(anonymous_13)
FNDA:294,(anonymous_14)
DA:8,147
DA:9,294
DA:12,147
DA:14,147
DA:15,7
DA:16,0
DA:17,0
DA:22,0
DA:26,147
DA:28,147
DA:29,28
DA:30,28
DA:31,0
DA:33,28
DA:36,147
DA:37,14
DA:38,14
DA:39,14
DA:45,147
DA:46,119
DA:47,119
DA:53,147
DA:54,7
DA:55,7
DA:56,7
DA:57,14
DA:58,14
DA:60,7
DA:61,7
DA:64,147
DA:65,7
DA:66,7
DA:68,7
DA:70,14
DA:73,14
DA:74,14
DA:75,0
DA:78,14
DA:81,7
DA:85,147
DA:97,294
LF:41
LH:36
BRDA:7,0,0,147
BRDA:7,1,0,147
BRDA:15,2,0,0
BRDA:15,2,1,7
BRDA:19,3,0,0
BRDA:19,3,1,0
BRDA:19,3,2,0
BRDA:30,4,0,0
BRDA:30,4,1,28
BRDA:30,5,0,28
BRDA:30,5,1,0
BRDA:31,6,0,0
BRDA:31,6,1,0
BRDA:38,7,0,14
BRDA:38,7,1,14
BRDA:57,8,0,14
BRDA:57,8,1,14
BRDA:58,9,0,0
BRDA:58,9,1,14
BRDA:66,10,0,7
BRDA:66,10,1,0
BRDA:74,11,0,0
BRDA:74,11,1,14
BRDA:89,12,0,0
BRDA:89,12,1,147
BRDA:95,13,0,147
BRDA:95,13,1,0
BRF:27
BRH:14
end_of_record
TN:
SF:src\components\Inputs\Input.jsx
FN:3,Input
FN:17,(anonymous_1)
FNF:2
FNH:1
FNDA:294,Input
FNDA:0,(anonymous_1)
DA:4,294
DA:18,0
LF:2
LH:1
BRDA:3,0,0,294
BRDA:8,1,0,0
BRDA:8,1,1,294
BRDA:35,2,0,0
BRDA:35,2,1,294
BRF:5
BRH:3
end_of_record
TN:
SF:src\models\loginFormModel.js
FNF:0
FNH:0
DA:1,1
LF:1
LH:1
BRF:0
BRH:0
end_of_record
TN:
SF:src\pages\formPages\LoginPage.jsx
FN:8,LoginPage
FN:11,(anonymous_1)
FN:29,(anonymous_2)
FNF:3
FNH:2
FNDA:7,LoginPage
FNDA:7,(anonymous_1)
FNDA:0,(anonymous_2)
DA:9,7
DA:11,7
DA:13,7
DA:14,7
DA:16,3
DA:18,3
DA:19,3
DA:21,4
DA:22,4
DA:26,7
DA:29,0
LF:11
LH:10
BRDA:21,0,0,4
BRDA:21,0,1,1
BRF:2
BRH:2
end_of_record
TN:
SF:src\utils\validations\validate.js
FN:1,validateFields
FNF:1
FNH:1
FNDA:28,validateFields
DA:3,28
DA:4,0
DA:7,28
DA:9,14
DA:19,14
DA:27,0
LF:6
LH:4
BRDA:3,0,0,0
BRDA:3,0,1,28
BRDA:3,1,0,28
BRDA:3,1,1,28
BRDA:3,1,2,28
BRDA:7,2,0,14
BRDA:7,2,1,14
BRDA:7,2,2,0
BRDA:9,3,0,14
BRDA:9,3,1,0
BRDA:19,4,0,14
BRDA:19,4,1,0
BRF:12
BRH:8
end_of_record
